<?xml version="1.0" encoding="UTF-8"?>
<!-- Generated by org.testng.reporters.JUnitReportReporter -->
<testsuite hostname="DESKTOP-AI6NF5T" failures="0" tests="1" name="seleniumPractice.WebDriverMethod" time="4.947" errors="0" timestamp="27 Feb 2024 05:01:50 GMT" skipped="0">
  <testcase classname="seleniumPractice.WebDriverMethod" name="lunchBrowser" time="4.947"/>
</testsuite> <!-- seleniumPractice.WebDriverMethod -->
